0 info it worked if it ends with ok
1 verbose cli [ '/Users/jmcbee/.nvm/versions/node/v6.4.0/bin/node',
1 verbose cli   '/Users/jmcbee/.nvm/versions/node/v6.4.0/bin/npm',
1 verbose cli   'run',
1 verbose cli   'test' ]
2 info using npm@3.10.3
3 info using node@v6.4.0
4 verbose run-script [ 'pretest', 'test', 'posttest' ]
5 info lifecycle personal-website@1.0.0~pretest: personal-website@1.0.0
6 silly lifecycle personal-website@1.0.0~pretest: no script for pretest, continuing
7 info lifecycle personal-website@1.0.0~test: personal-website@1.0.0
8 verbose lifecycle personal-website@1.0.0~test: unsafe-perm in lifecycle true
9 verbose lifecycle personal-website@1.0.0~test: PATH: /Users/jmcbee/.nvm/versions/node/v6.4.0/lib/node_modules/npm/bin/node-gyp-bin:/Users/jmcbee/Desktop/getresume/node_modules/.bin:/Users/jmcbee/.nvm/versions/node/v6.4.0/bin:/Users/jmcbee/.nvm/versions/node/v6.4.0/bin:/usr/local/bin:/usr/bin:/bin:/usr/sbin:/sbin:/Users/jmcbee/go-workspace/bin:/usr/local/opt/go/libexec/bin:/Users/jmcbee/bin
10 verbose lifecycle personal-website@1.0.0~test: CWD: /Users/jmcbee/Desktop/getresume
11 silly lifecycle personal-website@1.0.0~test: Args: [ '-c', 'jest --verbose' ]
12 silly lifecycle personal-website@1.0.0~test: Returned: code: 1  signal: null
13 info lifecycle personal-website@1.0.0~test: Failed to exec test script
14 verbose stack Error: personal-website@1.0.0 test: `jest --verbose`
14 verbose stack Exit status 1
14 verbose stack     at EventEmitter.<anonymous> (/Users/jmcbee/.nvm/versions/node/v6.4.0/lib/node_modules/npm/lib/utils/lifecycle.js:242:16)
14 verbose stack     at emitTwo (events.js:106:13)
14 verbose stack     at EventEmitter.emit (events.js:191:7)
14 verbose stack     at ChildProcess.<anonymous> (/Users/jmcbee/.nvm/versions/node/v6.4.0/lib/node_modules/npm/lib/utils/spawn.js:40:14)
14 verbose stack     at emitTwo (events.js:106:13)
14 verbose stack     at ChildProcess.emit (events.js:191:7)
14 verbose stack     at maybeClose (internal/child_process.js:852:16)
14 verbose stack     at Process.ChildProcess._handle.onexit (internal/child_process.js:215:5)
15 verbose pkgid personal-website@1.0.0
16 verbose cwd /Users/jmcbee/Desktop/getresume
17 error Darwin 15.6.0
18 error argv "/Users/jmcbee/.nvm/versions/node/v6.4.0/bin/node" "/Users/jmcbee/.nvm/versions/node/v6.4.0/bin/npm" "run" "test"
19 error node v6.4.0
20 error npm  v3.10.3
21 error code ELIFECYCLE
22 error personal-website@1.0.0 test: `jest --verbose`
22 error Exit status 1
23 error Failed at the personal-website@1.0.0 test script 'jest --verbose'.
23 error Make sure you have the latest version of node.js and npm installed.
23 error If you do, this is most likely a problem with the personal-website package,
23 error not with npm itself.
23 error Tell the author that this fails on your system:
23 error     jest --verbose
23 error You can get information on how to open an issue for this project with:
23 error     npm bugs personal-website
23 error Or if that isn't available, you can get their info via:
23 error     npm owner ls personal-website
23 error There is likely additional logging output above.
24 verbose exit [ 1, true ]
